<?xml version="1.0" encoding="UTF-8"?>
<testng-results ignored="0" total="8" passed="8" failed="0" skipped="0">
  <reporter-output>
  </reporter-output>
  <suite started-at="2021-10-17T22:26:02 CDT" name="Default suite" finished-at="2021-10-17T22:26:10 CDT" duration-ms="7880">
    <groups>
    </groups>
    <test started-at="2021-10-17T22:26:02 CDT" name="Default test" finished-at="2021-10-17T22:26:10 CDT" duration-ms="7880">
      <class name="package1.CheckDataTypes">
        <test-method signature="testDataTypeOfAuthor()[pri:0, instance:package1.CheckDataTypes@355ce81c]" started-at="2021-10-17T22:26:02 CDT" name="testDataTypeOfAuthor" finished-at="2021-10-17T22:26:07 CDT" duration-ms="4628" status="PASS">
          <reporter-output>
          </reporter-output>
        </test-method> <!-- testDataTypeOfAuthor -->
        <test-method signature="testDataTypeOfDescription()[pri:0, instance:package1.CheckDataTypes@355ce81c]" started-at="2021-10-17T22:26:07 CDT" name="testDataTypeOfDescription" finished-at="2021-10-17T22:26:08 CDT" duration-ms="521" status="PASS">
          <reporter-output>
          </reporter-output>
        </test-method> <!-- testDataTypeOfDescription -->
        <test-method signature="testDataTypeOfPages()[pri:0, instance:package1.CheckDataTypes@355ce81c]" started-at="2021-10-17T22:26:08 CDT" name="testDataTypeOfPages" finished-at="2021-10-17T22:26:08 CDT" duration-ms="422" status="PASS">
          <reporter-output>
          </reporter-output>
        </test-method> <!-- testDataTypeOfPages -->
        <test-method signature="testDataTypeOfPublishDate()[pri:0, instance:package1.CheckDataTypes@355ce81c]" started-at="2021-10-17T22:26:08 CDT" name="testDataTypeOfPublishDate" finished-at="2021-10-17T22:26:08 CDT" duration-ms="421" status="PASS">
          <reporter-output>
          </reporter-output>
        </test-method> <!-- testDataTypeOfPublishDate -->
        <test-method signature="testDataTypeOfPublisher()[pri:0, instance:package1.CheckDataTypes@355ce81c]" started-at="2021-10-17T22:26:08 CDT" name="testDataTypeOfPublisher" finished-at="2021-10-17T22:26:09 CDT" duration-ms="406" status="PASS">
          <reporter-output>
          </reporter-output>
        </test-method> <!-- testDataTypeOfPublisher -->
        <test-method signature="testDataTypeOfSubTitle()[pri:0, instance:package1.CheckDataTypes@355ce81c]" started-at="2021-10-17T22:26:09 CDT" name="testDataTypeOfSubTitle" finished-at="2021-10-17T22:26:09 CDT" duration-ms="406" status="PASS">
          <reporter-output>
          </reporter-output>
        </test-method> <!-- testDataTypeOfSubTitle -->
        <test-method signature="testDataTypeOfTitle()[pri:0, instance:package1.CheckDataTypes@355ce81c]" started-at="2021-10-17T22:26:09 CDT" name="testDataTypeOfTitle" finished-at="2021-10-17T22:26:10 CDT" duration-ms="562" status="PASS">
          <reporter-output>
          </reporter-output>
        </test-method> <!-- testDataTypeOfTitle -->
        <test-method signature="testDataTypeOfWebsite()[pri:0, instance:package1.CheckDataTypes@355ce81c]" started-at="2021-10-17T22:26:10 CDT" name="testDataTypeOfWebsite" finished-at="2021-10-17T22:26:10 CDT" duration-ms="420" status="PASS">
          <reporter-output>
          </reporter-output>
        </test-method> <!-- testDataTypeOfWebsite -->
      </class> <!-- package1.CheckDataTypes -->
    </test> <!-- Default test -->
  </suite> <!-- Default suite -->
</testng-results>
