<?xml version="1.0" encoding="UTF-8"?>
<!-- Generated by org.testng.reporters.JUnitXMLReporter -->
<testsuite ignored="0" hostname="DFW22AAA081819" failures="0" tests="8" name="Default test" time="7.88" errors="0" timestamp="2021-10-17T22:26:10 CDT">
  <testcase classname="package1.CheckDataTypes" name="testDataTypeOfAuthor" time="4.628"/>
  <testcase classname="package1.CheckDataTypes" name="testDataTypeOfDescription" time="0.521"/>
  <testcase classname="package1.CheckDataTypes" name="testDataTypeOfPages" time="0.422"/>
  <testcase classname="package1.CheckDataTypes" name="testDataTypeOfPublishDate" time="0.421"/>
  <testcase classname="package1.CheckDataTypes" name="testDataTypeOfPublisher" time="0.406"/>
  <testcase classname="package1.CheckDataTypes" name="testDataTypeOfSubTitle" time="0.406"/>
  <testcase classname="package1.CheckDataTypes" name="testDataTypeOfTitle" time="0.562"/>
  <testcase classname="package1.CheckDataTypes" name="testDataTypeOfWebsite" time="0.42"/>
</testsuite> <!-- Default test -->
